epoch,dice_coef,loss,val_dice_coef,val_loss
0,0.005012035525093476,0.9949879668377064,0.00657361772443567,0.9934263825416565
1,0.005824935243085578,0.9941750588240447,0.007208637294492551,0.9927913631711688
2,0.006264796014875174,0.9937352096592938,0.0074533165565558845,0.9925466861043658
3,0.006454371433291171,0.9935456315676371,0.007566091737576893,0.9924338970865522
4,0.006567784028852152,0.9934322237968445,0.00772470621658223,0.9922752891268048
5,0.006773352278051553,0.9932266539997525,0.008052381021635873,0.9919475998197284
6,0.007286375354009646,0.9927136324070118,0.009339287078806333,0.9906607355390277
7,0.011959049281560712,0.9880409505632188,0.029372924672705785,0.9706270779882159
8,0.1772311324322665,0.8227688670158386,0.19614320993423462,0.8038567985807147
9,0.4118401021869094,0.5881598878789831,0.2520304535116468,0.747969559260777
10,0.3991191155380673,0.6008808877733018,0.35192757844924927,0.6480724045208522
11,0.3527536933068876,0.647246312212061,0.25828312976019724,0.7417168617248535
12,0.4117135361388878,0.5882864704838505,0.4553607702255249,0.5446392212595258
13,0.4951591944253003,0.5048407978481717,0.4796557000705174,0.5203443084444318
14,0.5273901268287942,0.4726098753787853,0.49923980236053467,0.500760189124516
15,0.5568282030246876,0.443171794767733,0.5007637313434056,0.4992362856864929
16,0.5735378662745158,0.4264621337254842,0.5177151731082371,0.48228483540671213
17,0.5836712486214108,0.41632875248237894,0.5216681020600455,0.47833190645490375
18,0.585259720131203,0.4147402820763765,0.5162379230771746,0.4837620769228254
19,0.5751762809576811,0.4248237168347394,0.5232082775660923,0.47679172243390766
20,0.5874555011590322,0.4125444977371781,0.5347468427249363,0.4652531487601144
21,0.6027031960310759,0.3972968039689241,0.5337613139833722,0.4662386860166277
22,0.5881071692263639,0.41189283574068986,0.5366854497364589,0.4633145587784903
23,0.566518105842449,0.43348189415755095,0.5102847175938743,0.48971528666360037
24,0.5834561346305741,0.41654386343779387,0.5401758636747088,0.45982413632529123
25,0.5732643118611088,0.4267356903464706,0.5446838991982597,0.4553161008017404
26,0.5707148710886637,0.4292851311189157,0.536472771848951,0.4635272281510489
27,0.5676753300207632,0.4323246677716573,0.48388875808034626,0.5161112376621791
28,0.6236141964241311,0.37638580136828953,0.5446502821786063,0.45534972633634296
29,0.6276826593610976,0.37231733843132303,0.5489308663776943,0.45106914213725496
30,0.6540404293272231,0.34595957067277694,0.5376834103039333,0.4623165896960667
31,0.6131759170788832,0.3868240824452153,0.5586813177381244,0.44131869077682495
32,0.6190598860934928,0.38094011501029684,0.5447540368352618,0.45524596316473825
33,0.6132434827310068,0.3867565150614138,0.5650272709982735,0.4349727290017264
34,0.6240265325263694,0.37597346747363053,0.5307115656988961,0.46928844281605314
35,0.6249988343980577,0.37500116339436285,0.5606557301112584,0.43934426988874165
36,0.6544561518563164,0.34554385035126295,0.5662646889686584,0.43373531103134155
37,0.656210826502906,0.34378917349709404,0.5734466399465289,0.42655336005347116
38,0.6260398317266394,0.37396016827336065,0.4925475929464613,0.5074524027960641
39,0.6158609655168321,0.3841390344831679,0.573955203805651,0.42604479619434904
40,0.6367031302716997,0.36329687083209,0.5782290611948285,0.4217709388051714
41,0.6023119401048731,0.3976880643102858,0.5059156971318381,0.4940843071256365
42,0.5389450170694848,0.4610549807548523,0.5616030693054199,0.4383969392095293
43,0.5979813756766142,0.4020186221158063,0.5345917514392308,0.46540824004582
44,0.658669615233386,0.341330384766614,0.5728007469858442,0.4271992530141558
45,0.662603102348469,0.33739689985911053,0.577502863747733,0.42249713625226704
46,0.6432745373911328,0.35672546536834154,0.5759248903819493,0.4240751096180507
47,0.672059037067272,0.32794096293272795,0.5770377005849566,0.42296229941504343
48,0.6560971162937306,0.3439028837062694,0.5817087548119682,0.4182912451880319
49,0.6542357162193015,0.345764281573119,0.5702972497258868,0.42970275027411325
50,0.5832076514208758,0.416792352994283,0.5374575342450824,0.4625424657549177
51,0.5879215222817881,0.41207848213337084,0.5594901953424726,0.44050980465752737
52,0.6460624381347939,0.35393756186520614,0.5784868427685329,0.4215131572314671
53,0.6468671538211681,0.35313284397125244,0.589787415095738,0.410212584904262
54,0.655464416300809,0.34453558259540135,0.6001163039888654,0.39988369601113455
55,0.667719856456474,0.332280143543526,0.5857001628194537,0.41429983718054636
56,0.6929074084317243,0.30709259156827573,0.604542578969683,0.39545742103031706
57,0.6945052566351714,0.3054947433648286,0.5558788435799735,0.44412115642002653
58,0.6509665935127823,0.34903340648721765,0.596671496118818,0.40332850388118197
59,0.6625437096313194,0.33745629257626003,0.6066210951123919,0.3933789048876081
60,0.686860368207649,0.3131396328961408,0.6032436745507377,0.39675632544926237
61,0.6675301922692193,0.33246980552320127,0.6094453505107335,0.39055464948926655
62,0.6660396986537509,0.33396030576140795,0.594248081956591,0.4057519180434091
63,0.6997687066042865,0.3002312933957135,0.5883600626673017,0.41163993733269827
64,0.6640211056779932,0.3359788943220068,0.6077354805810111,0.39226451941898893
65,0.6963503184141936,0.3036496815858064,0.5793280601501465,0.4206719398498535
66,0.6902912369480839,0.309708763051916,0.6177575503076825,0.3822424496923174
67,0.6901250547832913,0.3098749452167087,0.6125121882983616,0.3874878117016384
68,0.7187253126391658,0.2812746873608342,0.6075952308518546,0.3924047691481454
69,0.7335785781895673,0.2664214218104327,0.6160736765180316,0.3839263234819685
70,0.7251855223267166,0.2748144776732833,0.5587816408702305,0.4412183591297695
71,0.6823296171647532,0.3176703828352469,0.6190764648573739,0.38092353514262606
72,0.6914120625566553,0.3085879396509241,0.6062611937522888,0.3937388062477112
73,0.7301220871784069,0.2698779128215931,0.5981061884335109,0.40189381156648907
74,0.7246673195450394,0.27533268045496057,0.6124673145157951,0.387532685484205
75,0.7212459952742966,0.2787540047257035,0.6117788808686393,0.38822111913136076
76,0.7059907891132213,0.29400921088677867,0.6057167819568089,0.3942832180431911
77,0.7385879158973694,0.2614120841026306,0.6189224464552743,0.38107755354472567
78,0.6791046681227507,0.3208953296696698,0.5950328367097037,0.4049671632902963
79,0.7069164404162654,0.2930835595837346,0.6133736116545541,0.3866263883454459
80,0.7053453900195934,0.2946546099804066,0.6028380053383964,0.3971619946616037
81,0.7345459792349074,0.2654540207650926,0.5948981813022068,0.40510181869779316
82,0.7467978088944046,0.25320219110559533,0.6209738850593567,0.3790261149406433
83,0.6935261841173526,0.3064738180902269,0.6002835631370544,0.39971643686294556
84,0.7467878747869421,0.2532121252130579,0.5958147985594613,0.40418520144053866
85,0.7358855097382156,0.2641144902617843,0.5813789878572736,0.41862101214272635
86,0.705073893070221,0.2949261091373585,0.588406366961343,0.41159363303865704
87,0.7016164329316881,0.29838356706831193,0.6002762317657471,0.39972376823425293
88,0.7700050318682635,0.22999496813173648,0.5989349825041634,0.4010650174958365
89,0.735779861609141,0.26422013839085895,0.5724291375705174,0.42757087094443186
90,0.7108999733571653,0.2891000266428347,0.6081015637942723,0.39189843620572773
91,0.7645388510492113,0.2354611489507887,0.6184494921139309,0.38155050788606915
92,0.7847400329731129,0.21525996702688713,0.5915730595588684,0.4084269404411316
93,0.7626448295734547,0.23735517042654533,0.6227309107780457,0.37726908922195435
94,0.7813590345559297,0.21864096544407033,0.6100041355405535,0.3899958644594465
95,0.791043135854933,0.208956864145067,0.6019072362354824,0.39809276376451763
96,0.7689194392274927,0.23108055856492785,0.6132356950214931,0.3867643049785069
97,0.7800212347948993,0.21997876520510073,0.585426390171051,0.414573609828949
98,0.8010667959849039,0.19893320401509604,0.610278674534389,0.38972132546561106
99,0.7842449612087674,0.21575503879123265,0.6176568950925555,0.38234310490744455
100,0.786229427214022,0.21377057278597797,0.5683295045580182,0.4316704954419817
101,0.7470790523069876,0.2529209476930124,0.6008159177643912,0.3991840822356088
102,0.7677831296567563,0.23221687034324365,0.6214108041354588,0.3785891958645412
103,0.7810707048133567,0.21892929518664325,0.6061274238995144,0.39387257610048565
104,0.7788868458182724,0.22111315418172767,0.5710423929350716,0.4289576070649283
105,0.7626040224675779,0.23739597753242211,0.6188117946897235,0.3811882053102766
106,0.7833683888117472,0.21663161118825278,0.6028382693018232,0.3971617306981768
107,0.7671744359864129,0.23282556622116654,0.613192115511213,0.38680788448878695
108,0.7881478269894918,0.2118521730105082,0.6130627989768982,0.3869372010231018
109,0.7979656921492683,0.20203430785073173,0.618580162525177,0.381419837474823
110,0.8179616376205727,0.1820383623794273,0.6067178675106594,0.39328213248934063
111,0.8046691837134184,0.19533081628658153,0.6050544551440648,0.39494554485593525
112,0.8067819674809774,0.19321803251902261,0.6174220953668866,0.3825779046331133
113,0.8215914523160016,0.1784085476839984,0.6185596755572728,0.38144032444272724
114,0.8072725755197031,0.19272742448029695,0.6123483095850263,0.38765169041497366
115,0.8090616442539074,0.1909383557460926,0.6146933521543231,0.385306647845677
116,0.8137933104126541,0.18620668958734582,0.6135716438293457,0.3864283561706543
117,0.8127044792528506,0.18729552074714942,0.5873797706195286,0.4126202293804714
118,0.8206523678920887,0.1793476321079113,0.6212815642356873,0.37871843576431274
119,0.8271811736954583,0.1728188263045417,0.6146290046828133,0.3853709953171866
120,0.8392762762528879,0.16072372374711213,0.5911029406956264,0.4088970593043736
121,0.8192796486395376,0.18072035136046233,0.6105488538742065,0.38945114612579346
122,0.8367801308631897,0.1632198691368103,0.5929860898426601,0.40701391867228914
123,0.841288756441187,0.15871124355881303,0.6104870779173714,0.3895129220826285
124,0.8468252354198031,0.1531747645801968,0.6072380542755127,0.3927619457244873
125,0.8398695764718233,0.16013042352817677,0.6171349627631051,0.38286503723689486
126,0.8349528268531516,0.16504717314684833,0.6196692926543099,0.38033070734569
127,0.8457956424465886,0.15420435755341141,0.6087482827050346,0.3912517172949655
128,0.8465102314949036,0.15348976850509644,0.6007458908217294,0.3992541091782706
129,0.8499419380117346,0.15005806198826543,0.6140318938664028,0.3859681061335972
130,0.8528537308728253,0.14714626912717466,0.5944030710629055,0.40559692893709454
131,0.7896877571388528,0.21031224286114727,0.5940196003232684,0.4059804081916809
132,0.8085120739760222,0.19148792602397777,0.6175787704331535,0.3824212295668466
133,0.8151390022701688,0.18486099772983128,0.6269581913948059,0.3730418086051941
134,0.8403753638267517,0.1596246361732483,0.5883108632905143,0.41168912819453646
135,0.8401903311411539,0.15980966885884604,0.6104893088340759,0.3895106826509748
136,0.8354227145512899,0.16457728544871011,0.5997608133724758,0.4002391866275242
137,0.8159926379168475,0.1840073620831525,0.5624092306409564,0.4375907693590437
138,0.8240213085103918,0.1759786914896082,0.6137130090168544,0.38628699098314556
139,0.7946186772099247,0.20538132279007523,0.5724571176937648,0.42754288230623516
140,0.818334389615942,0.18166561038405807,0.6142872231347221,0.385712776865278
141,0.8585753153871607,0.1414246846128393,0.609438785484859,0.39056120600019184
142,0.8613651438995644,0.1386348561004356,0.6142540148326329,0.38574598516736713
143,0.8510367671648661,0.14896323283513388,0.6181358098983765,0.38186419010162354
144,0.8659485931749697,0.13405140682503028,0.6079672574996948,0.3920327510152544
145,0.8543811175558302,0.1456188824441698,0.6091796500342233,0.3908203499657767
146,0.8735354299898501,0.1264645700101499,0.6128779990332467,0.38712200096675325
147,0.8585499591297574,0.14145004087024265,0.6135721376964024,0.3864278623035976
148,0.8470935887760587,0.15290641122394139,0.6023747835840497,0.3976252164159502
149,0.8701529569096036,0.12984704309039646,0.6098336918013436,0.39016631671360563
150,0.8516331800708065,0.14836681992919357,0.601496160030365,0.398503839969635
151,0.8487617859133968,0.15123821408660323,0.6105004293578011,0.3894995706421988
152,0.8655226826667786,0.13447731733322144,0.6227368882724217,0.3772631117275783
153,0.8530789282586839,0.14692107174131605,0.6133736882890973,0.3866263117109026
154,0.8709113597869873,0.1290886402130127,0.6040062308311462,0.395993777683803
155,0.8723303432817813,0.12766965671821875,0.590445910181318,0.4095540813037327
156,0.8870497677061293,0.11295023229387072,0.6187585762568882,0.38124142374311176
157,0.8770604508894461,0.12293954911055388,0.6178429637636457,0.3821570362363543
158,0.8802113577171609,0.11978864228283917,0.6062190277235848,0.3937809637614659
159,0.8665018677711487,0.13349813222885132,0.5778301698820931,0.4221698301179068
160,0.8669155836105347,0.13308441638946533,0.5653869424547467,0.43461306606020245
161,0.866227717311294,0.133772282688706,0.6264831508908953,0.3735168491091047
162,0.8598158690664504,0.14018413093354967,0.6144814320972988,0.3855185679027012
163,0.8652315868271722,0.13476841317282784,0.6093524438994271,0.39064755610057283
164,0.8744205920784561,0.12557940792154382,0.5995756217411586,0.40042437825884136
165,0.875763041001779,0.12423695899822094,0.6073823826653617,0.39261761733463835
166,0.8761776089668274,0.12382239103317261,0.5880317091941833,0.4119682822908674
167,0.866000579463111,0.13399942053688896,0.6006805215563092,0.39931946992874146
168,0.8727946259357311,0.12720537406426888,0.6072653191430228,0.3927346808569772
169,0.8817604934727704,0.11823950652722959,0.620093754359654,0.379906245640346
170,0.8692217358836422,0.13077826411635787,0.6047520296914237,0.39524796179362703
171,0.8848254879315695,0.11517451206843059,0.6181523714746747,0.3818476285253252
172,0.8887854174331382,0.11121458256686176,0.6154371074267796,0.3845628925732204
173,0.8970747214776499,0.10292527852235017,0.6052622199058533,0.39473778009414673
174,0.8943274484740363,0.10567255152596368,0.611849810395922,0.38815018960407804
175,0.8930385907491049,0.10696140925089519,0.6052816680499485,0.39471833195005146
176,0.9030995059896398,0.09690049401036015,0.6101508140563965,0.3898491859436035
177,0.8954434129926894,0.10455658700731066,0.6117062909262521,0.3882937090737479
178,0.8912035403428255,0.10879645965717456,0.606372995035989,0.39362700496401104
179,0.887753877374861,0.11224612262513903,0.6121652296611241,0.3878347703388759
180,0.876655602896655,0.12334439710334495,0.6198496563094003,0.3801503436905997
181,0.8855117713963544,0.1144882286036456,0.6067171692848206,0.39328283071517944
182,0.8886982511591028,0.11130174884089718,0.615188751901899,0.3848112480981009
183,0.8377157626328645,0.16228423515955606,0.6021069458552769,0.3978930541447231
184,0.8385118886276528,0.16148811137234723,0.547031547342028,0.4529684526579721
185,0.8640162083837721,0.1359837916162279,0.6210658039365496,0.3789341960634504
186,0.8608951149163423,0.13910488508365773,0.6048918962478638,0.39510810375213623
187,0.8884067756158335,0.11159322438416658,0.60909275497709,0.39090724502290997
188,0.8821484556904545,0.11785154430954545,0.599530109337398,0.400469890662602
189,0.8973268270492554,0.10267317295074463,0.6032621945653643,0.39673779691968647
190,0.8934716913435194,0.10652830865648058,0.6152114357267108,0.3847885642732893
191,0.9016319976912605,0.09836800230873956,0.6031925763402667,0.39680742365973337
192,0.9048851971273069,0.0951148028726931,0.6179603082793099,0.38203969172069
193,0.9034035073386298,0.09659649266137017,0.6064914635249546,0.39350853647504536
194,0.9022402851669876,0.09775971483301234,0.6084350517817906,0.3915649482182094
195,0.8949555026160346,0.10504449738396539,0.6169961605753217,0.38300383942467825
196,0.9041391456568683,0.09586085434313174,0.6067535962377276,0.39324640376227243
197,0.8982212035744278,0.10177879642557215,0.6039852670260838,0.3960147329739162
198,0.8963691040321633,0.10363089596783673,0.6075939961842128,0.39240600381578716
199,0.8898640319153115,0.11013596808468853,0.6075659905161176,0.39243400948388235
200,0.8949055495085539,0.10509445049144604,0.6126812100410461,0.38731878995895386
201,0.8970704939630296,0.10292950603697035,0.6133255958557129,0.3866744041442871
202,0.8943480760962875,0.10565192390371252,0.6115828667368207,0.3884171332631792
203,0.8807531396547953,0.11924686034520467,0.6053960067885262,0.3946039932114737
204,0.9000183388038918,0.09998166119610821,0.6118408100945609,0.38815918990543913
205,0.9007768586829856,0.09922314131701435,0.6067722695214408,0.39322773047855925
206,0.9114075303077698,0.08859246969223022,0.5936766522271293,0.40632334777287077
207,0.9029278070838364,0.09707219291616369,0.6049919043268476,0.39500809567315237
208,0.913930614789327,0.08606938521067302,0.6091841970171247,0.39081580298287527
209,0.9097882354701007,0.09021176452989932,0.6094896623066494,0.39051033769335064
210,0.9095513025919596,0.09044869740804036,0.5936916896275112,0.4063083018575396
211,0.8824350458604319,0.11756495413956819,0.5789877857480731,0.421012214251927
212,0.9083486309757939,0.09165136902420609,0.6000074999673026,0.3999925085476467
213,0.8932437079924124,0.10675629200758757,0.5903284634862628,0.40967152799878803
214,0.8930804111339428,0.10691958886605722,0.5932308009692601,0.40676919903073994
215,0.8940415051248338,0.10595849487516615,0.5867736850466047,0.4132263149533953
216,0.8898230415803415,0.11017695841965852,0.6100919331823077,0.38990806681769236
217,0.9107606940799289,0.08923930592007107,0.6166017481258937,0.38339825187410626
218,0.9069162960405703,0.0930837039594297,0.6012779814856393,0.3987220185143607
219,0.9117008955390365,0.08829910446096349,0.6100681849888393,0.3899318150111607
220,0.9190913880312884,0.08090861196871157,0.6138427598135812,0.3861572401864188
221,0.9031469071352923,0.09685309286470767,0.603905303137643,0.396094696862357
222,0.9094318791672036,0.09056812083279644,0.6121758988925389,0.3878241011074611
223,0.8920709843988772,0.10792901560112282,0.6105244585445949,0.3894755414554051
224,0.9019232502690068,0.0980767497309932,0.6174220613070897,0.38257793869291035
225,0.9116046296225654,0.08839537037743463,0.6037651896476746,0.39623481035232544
226,0.912652556542997,0.08734744345700299,0.6077552778380257,0.3922447221619742
227,0.9129052603686297,0.08709473963137027,0.6085575308118548,0.39144246918814524
228,0.9066607356071472,0.09333926439285278,0.5982091171400887,0.4017908828599112
229,0.9025758306185404,0.09742416938145955,0.6033147658620562,0.3966852341379438
230,0.900951087474823,0.099048912525177,0.613042414188385,0.386957585811615
231,0.8965416925924795,0.10345830740752043,0.6130292330469403,0.3869707669530596
232,0.908879315411603,0.09112068458839699,0.612359881401062,0.387640118598938
233,0.8898947857044361,0.11010521429556387,0.6112616743360247,0.3887383256639753
234,0.9117410977681478,0.08825890223185222,0.6079384429114205,0.3920615570885794
235,0.9062871932983398,0.09371280670166016,0.6046695453780038,0.3953304546219962
236,0.8839796428327207,0.11602035716727928,0.6175097056797573,0.38249029432024273
237,0.8756190692936933,0.12438093070630674,0.6134559767586845,0.3865440232413156
238,0.8919617489532188,0.10803825104678119,0.5942547832216535,0.40574521677834646
239,0.8579768494323448,0.14202315056765522,0.57769775390625,0.42230224609375
240,0.8385424415270487,0.16145755847295126,0.6094300150871277,0.3905699849128723
241,0.8698224513619034,0.13017754863809655,0.5783406070300511,0.4216593929699489
242,0.8722638752725389,0.12773612472746107,0.6176167471068246,0.3823832528931754
243,0.8967147469520569,0.10328525304794312,0.6083995614733014,0.3916004385266985
244,0.8986990186903212,0.10130098130967882,0.6235576697758266,0.3764423302241734
245,0.9167648134408174,0.08323518655918262,0.6175886137144906,0.38241138628550936
246,0.908063495600665,0.09193650439933494,0.5935319236346653,0.40646807636533466
247,0.9005002092432093,0.09949979075679073,0.6084732413291931,0.3915267586708069
248,0.9029610443998266,0.09703895560017338,0.6006420595305306,0.3993579404694693
249,0.9104330517627575,0.08956694823724252,0.6203589524541583,0.37964104754584177
250,0.9097563800988374,0.0902436199011626,0.6113571950367519,0.3886428049632481
251,0.909534028282872,0.09046597171712804,0.6178249291011265,0.3821750708988735
252,0.9129990030218054,0.08700099697819462,0.6230637516294207,0.3769362483705793
253,0.9157154008194253,0.08428459918057477,0.6133480327469962,0.3866519672530038
254,0.9136937547613073,0.08630624523869267,0.618492134979793,0.381507865020207
255,0.9124408077310633,0.08755919226893673,0.6189994556563241,0.38100054434367586
256,0.911598594100387,0.088401405899613,0.6113369294575283,0.38866307054247173
257,0.8988101879755656,0.1011898120244344,0.62466014283044,0.37533985716956003
258,0.9138447046279907,0.08615529537200928,0.6118447950908116,0.3881552049091884
259,0.9036345746782091,0.0963654253217909,0.6131075705800738,0.38689242941992624
260,0.9115194082260132,0.08848059177398682,0.6110257421221051,0.3889742578778948
261,0.9085690003854258,0.0914309996145743,0.5920503735542297,0.40794962644577026
262,0.918358032350187,0.08164196764981305,0.6212060025760106,0.37879399742398945
263,0.9203919150211193,0.07960808497888071,0.6152704868997846,0.38472951310021536
264,0.917128461378592,0.08287153862140796,0.6152630278042385,0.38473697219576153
265,0.9228141396133988,0.0771858603866012,0.6105411052703857,0.38945889472961426
266,0.9246285027927823,0.07537149720721775,0.6056456906454903,0.3943543093545096
267,0.9210204835291262,0.0789795164708738,0.6178144812583923,0.38218551874160767
268,0.9170260142396998,0.08297398576030025,0.6083058629717145,0.3916941370282854
269,0.9226150071179425,0.07738499288205747,0.6108151078224182,0.3891848921775818
270,0.9273681132881729,0.07263188671182703,0.6191697120666504,0.3808302879333496
271,0.916911451904862,0.08308854809513798,0.6237437810216632,0.3762562189783369
272,0.9049928409081919,0.09500715909180818,0.6172551427568708,0.3827448572431292
273,0.8597030992861148,0.14029690071388526,0.5943892513002668,0.4056107486997332
274,0.8873042265574137,0.11269577344258626,0.58233699628285,0.4176630122320993
275,0.897311047271446,0.10268895272855405,0.6104568413325718,0.38954315866742817
276,0.906645326702683,0.09335467329731693,0.606825624193464,0.39317437580653597
277,0.9221393355616817,0.07786066443831832,0.6144353151321411,0.3855646848678589
278,0.9205346416544031,0.07946535834559688,0.6205904313496181,0.3794095686503819
279,0.9163264786755597,0.08367352132444028,0.6114545294216701,0.3885454705783299
280,0.925113750828637,0.07488624917136298,0.6211487225123814,0.3788512774876186
281,0.9216259982850816,0.07837400171491835,0.6071824772017342,0.3928175227982657
282,0.9277362867637917,0.07226371323620831,0.61192615543093,0.38807384456907
283,0.9299249869805796,0.07007501301942048,0.6171176178114754,0.3828823821885245
284,0.9162682890892029,0.08373171091079712,0.6207264491489956,0.37927355085100445
285,0.9264703812422576,0.07352961875774243,0.6159650598253522,0.38403494017464773
286,0.9288578761948479,0.07114212380515204,0.6201886279242379,0.37981137207576204
287,0.9273824978757788,0.07261750212422123,0.6217412097113473,0.37825879028865267
288,0.927583239696644,0.07241676030335603,0.620814323425293,0.37918567657470703
289,0.9178998955973873,0.08210010440261276,0.6247577582086835,0.37524224179131643
290,0.9200069771872627,0.07999302281273736,0.608646844114576,0.3913531558854239
291,0.9329157295050444,0.06708427049495556,0.6158529434885297,0.38414705651147024
292,0.9329230101020248,0.06707698989797521,0.6156667726380485,0.3843332273619516
293,0.9358815617031522,0.06411843829684788,0.615190156868526,0.3848098431314741
294,0.931991817774596,0.06800818222540396,0.603929877281189,0.39607012271881104
295,0.926337961797361,0.07366203820263897,0.6105948856898716,0.38940511431012836
296,0.9233812535250628,0.07661874647493716,0.6058515565735954,0.3941484434264047
297,0.930198589960734,0.06980141003926595,0.6042548758643014,0.39574512413569857
298,0.9256408567781802,0.07435914322181984,0.6132422089576721,0.3867577910423279
299,0.9076686744336728,0.09233132556632713,0.6196004663194928,0.3803995336805071
300,0.8584581790147005,0.14154182098529958,0.560598007270268,0.43940199272973196
301,0.856868428212625,0.14313157178737498,0.6008733000074115,0.3991266999925886
302,0.8856261085580897,0.11437389144191036,0.5964718035289219,0.40352819647107807
303,0.8888882575211702,0.11111174247882984,0.6145675012043544,0.38543249879564556
304,0.9061696992980109,0.09383030070198907,0.5873833213533673,0.4126166786466326
305,0.8611882947109364,0.13881170528906364,0.5950941784041268,0.4049058215958731
306,0.899154195079097,0.10084580492090296,0.6232061471257891,0.3767938528742109
307,0.9134796924061246,0.08652030759387547,0.6168690068381173,0.38313099316188265
308,0.9056604614964238,0.09433953850357621,0.6156420281955174,0.3843579718044826
309,0.9235454223774098,0.07645457762259024,0.5881889462471008,0.41181105375289917
310,0.9269842659985578,0.07301573400144223,0.6276309745652335,0.3723690254347665
311,0.9229488196196379,0.07705118038036206,0.6159483279500689,0.3840516720499311
312,0.9258941411972046,0.07410585880279541,0.6266945685659137,0.3733054314340864
313,0.9289646833031265,0.07103531669687342,0.6207039271082196,0.3792960728917803
314,0.9278672337532043,0.07213276624679565,0.5969552908624921,0.40304470913750784
315,0.9284889521422209,0.07151104785777905,0.6215375406401498,0.3784624593598502
316,0.9321750733587477,0.06782492664125231,0.622730050768171,0.37726994923182894
317,0.9335816679177461,0.06641833208225391,0.6227013298443386,0.37729867015566143
318,0.933054835708053,0.06694516429194698,0.6239679881504604,0.3760320118495396
319,0.9299801080315201,0.07001989196847987,0.6144486495426723,0.3855513504573277
320,0.9315929942660861,0.06840700573391384,0.6240404844284058,0.37595951557159424
321,0.9262354086946558,0.0737645913053442,0.6173043591635567,0.3826956408364432
322,0.9333403463716861,0.06665965362831398,0.6166832276753017,0.3833167723246983
323,0.9370004932085673,0.0629995067914327,0.6155497772353036,0.38445022276469637
324,0.9368591396896927,0.06314086031030726,0.6207668696131025,0.3792331303868975
325,0.9353481906431692,0.06465180935683074,0.6207067455564227,0.37929325444357737
326,0.9308203613316571,0.06917963866834287,0.6106845566204616,0.3893154433795384
327,0.9301571205810264,0.06984287941897357,0.6093953592436654,0.39060464075633455
328,0.9234324914437754,0.07656750855622468,0.6166462557656425,0.3833537442343576
329,0.9226068898483559,0.0773931101516441,0.5679916058267865,0.43200840268816265
330,0.8972317046589322,0.10276829534106785,0.6118404013769967,0.38815959862300325
331,0.9093249462268971,0.09067505377310293,0.6033040710857936,0.39669592891420635
332,0.9291218033543339,0.07087819664566605,0.6002809745924813,0.39971902540751864
333,0.9276797793529652,0.07232022064703482,0.5914731366293771,0.4085268633706229
334,0.9107762508922153,0.08922374910778469,0.614444511277335,0.385555488722665
335,0.9122443640673602,0.0877556359326398,0.6230770434652056,0.3769229565347944
336,0.9240826081346583,0.07591739186534176,0.6033140420913696,0.3966859493936811
337,0.9113100347695527,0.08868996523044727,0.6170736466135297,0.38292635338647024
338,0.9257938773543747,0.07420612264562536,0.6139188834599086,0.38608111654009136
339,0.9304810365041097,0.0695189634958903,0.6208781770297459,0.3791218229702541
340,0.9291284724518105,0.07087152754818951,0.619475245475769,0.38052475452423096
341,0.9325814291282937,0.06741857087170636,0.6011823415756226,0.39881765842437744
342,0.926232225365109,0.07376777463489109,0.6224222012928554,0.3775777987071446
343,0.9340372460859793,0.06596275391402068,0.6211988244737897,0.37880117552621023
344,0.9357081320550706,0.06429186794492933,0.6245808941977364,0.3754191058022635
345,0.935236981621495,0.064763018378505,0.62508852992739,0.37491147007261005
346,0.9350389705763923,0.06496102942360772,0.6200948527881077,0.3799051472118923
347,0.9311124881108602,0.06888751188913982,0.6209220034735543,0.37907799652644564
348,0.930988214634083,0.06901178536591707,0.6202973638262067,0.37970263617379324
349,0.9152352456693296,0.08476475433067039,0.6112447040421622,0.3887552959578378
350,0.9043930459905554,0.09560695400944462,0.6036013875688825,0.39639861243111746
351,0.9265248002829375,0.0734751997170625,0.6149210844721112,0.3850789155278887
352,0.9308026146005701,0.06919738539942989,0.622245294707162,0.37775470529283794
353,0.9293783262923911,0.07062167370760883,0.6104234627314976,0.3895765372685024
354,0.9305749888773318,0.06942501112266823,0.6171919788633075,0.3828080211366926
355,0.9357725712988112,0.06422742870118883,0.6190883687564305,0.3809116312435695
356,0.9242737778910884,0.07572622210891158,0.6199580175536019,0.38004198244639803
357,0.9238740669356452,0.07612593306435479,0.626787109034402,0.37321289096559795
358,0.9367369612058004,0.06326303879419963,0.6232800994600568,0.37671990053994314
359,0.935119421393783,0.064880578606217,0.6134741221155439,0.3865258778844561
360,0.9353661007351346,0.06463389926486546,0.6217433384486607,0.3782566615513393
361,0.9338340825504727,0.06616591744952732,0.6189312423978534,0.3810687576021467
362,0.9366136524412367,0.0633863475587633,0.6192539078848702,0.3807460921151297
363,0.9373212500854775,0.06267874991452252,0.6189034751483372,0.3810965248516628
364,0.935464413077743,0.06453558692225704,0.6188966717038836,0.38110332829611643
365,0.9439113382939939,0.056088661706006085,0.6261095149176461,0.37389048508235384
366,0.9337891318179943,0.06621086818200571,0.6150087032999311,0.3849912967000689
367,0.9314166108767191,0.06858338912328084,0.6186983755656651,0.3813016244343349
368,0.9301115980854741,0.06988840191452592,0.6090217658451625,0.39097823415483746
369,0.9197477963235643,0.08025220367643568,0.6169420480728149,0.38305795192718506
370,0.932312958770328,0.0676870412296719,0.6244080577577863,0.37559194224221365
371,0.9344007306628757,0.06559926933712429,0.6207310131617955,0.37926898683820454
372,0.9339248206880357,0.06607517931196424,0.6174822790282113,0.38251772097178866
373,0.9359490716898883,0.06405092831011172,0.6178513850484576,0.38214861495154245
374,0.9350302837513111,0.06496971624868887,0.6215586917740958,0.3784413082259042
375,0.934144053194258,0.06585594680574205,0.612721928528377,0.387278071471623
376,0.9372354591334308,0.06276454086656924,0.6108861310141427,0.38911386898585726
377,0.9186230853751853,0.08137691462481464,0.6175653849329267,0.38243461506707327
378,0.9378356536229452,0.06216434637705485,0.6136962856565203,0.3863037143434797
379,0.9411403956236662,0.05885960437633373,0.6134277156421116,0.3865722843578884
380,0.9363844747896548,0.06361552521034523,0.607609042099544,0.392390957900456
381,0.9282542643723665,0.07174573562763355,0.608034976891109,0.3919650231088911
382,0.9323428427731549,0.06765715722684507,0.6137573548725673,0.38624264512743267
383,0.914432254102495,0.08556774589750502,0.6097488829067775,0.39025111709322247
384,0.9310337547902707,0.06896624520972923,0.6153417910848346,0.3846582089151655
385,0.9135567899103518,0.08644321008964821,0.6066045335360936,0.39339546646390644
386,0.9335938868699251,0.06640611313007495,0.6095430680683681,0.3904569319316319
387,0.935025899498551,0.06497410050144901,0.6059132814407349,0.39408671855926514
388,0.9300647466271011,0.06993525337289881,0.6250387685639518,0.37496123143604826
389,0.9338062427662037,0.0661937572337963,0.6106706261634827,0.38932937383651733
390,0.927762386975465,0.072237613024535,0.6047199283327375,0.3952800716672625
391,0.9319707331834016,0.06802926681659839,0.6179561614990234,0.38204383850097656
392,0.9378940794203017,0.062105920579698354,0.6136802434921265,0.38631975650787354
393,0.9141947560840182,0.08580524391598171,0.6187982474054609,0.3812017525945391
394,0.9274188434636151,0.07258115653638486,0.6161487443106515,0.38385125568934847
395,0.9386634826660156,0.061336517333984375,0.6162184732300895,0.38378152676991056
396,0.9435826230932165,0.056417376906783494,0.619781996522631,0.38021800347736906
397,0.9434253176053365,0.05657468239466349,0.6205500279154096,0.37944997208459036
398,0.9396610767753036,0.06033892322469641,0.6144219040870667,0.38557809591293335
399,0.9320681713245533,0.06793182867544668,0.6173729811395917,0.38262701886040823
400,0.9364401366975572,0.06355986330244276,0.6174807633672442,0.38251923663275583
401,0.9359069599045647,0.06409304009543525,0.6219995958464486,0.37800040415355135
402,0.9446420868237814,0.055357913176218666,0.6192081996372768,0.3807918003627232
403,0.9304139680332608,0.06958603196673924,0.6188629354749408,0.3811370645250593
404,0.9305961750171803,0.06940382498281973,0.6199162602424622,0.38008373975753784
405,0.9445400171809726,0.05545998281902737,0.628803048815046,0.37119695118495394
406,0.9395553712491636,0.06044462875083641,0.6170443892478943,0.3829556107521057
407,0.9242587906342966,0.07574120936570344,0.6186365740639823,0.38136342593601774
408,0.915704506414908,0.08429549358509204,0.6093006644930158,0.39069933550698416
409,0.9274081212502939,0.07259187874970613,0.5992040974753243,0.4007959025246756
410,0.9402326323367931,0.05976736766320688,0.6230073741504124,0.3769926258495876
411,0.9331506512783192,0.06684934872168082,0.622810355254582,0.377189644745418
412,0.9381385313140022,0.06186146868599786,0.616940975189209,0.383059024810791
413,0.9370543360710144,0.0629456639289856,0.6170147231646946,0.38298527683530537
414,0.9242341783311632,0.0757658216688368,0.6265877996172223,0.3734122003827776
415,0.9315587171801815,0.06844128281981857,0.6158990519387382,0.3841009480612619
416,0.9345130302287914,0.06548696977120859,0.6159351638385228,0.38406483616147724
417,0.9347528484132555,0.06524715158674452,0.618006978716169,0.3819930212838309
418,0.9403571883837382,0.0596428116162618,0.6224951488631112,0.37750485113688875
419,0.9414148617673803,0.058585138232619675,0.6283452681132725,0.3716547318867275
420,0.9452111080840782,0.05478889191592181,0.62178521496909,0.37821478503090994
421,0.9441626491370024,0.05583735086299755,0.615420230797359,0.3845797692026411
422,0.9449078219908255,0.055092178009174486,0.6269396032605853,0.37306039673941477
423,0.9356891314188639,0.06431086858113606,0.6173127974782672,0.3826872025217329
424,0.9425335945906462,0.05746640540935375,0.6193770681108747,0.38062293188912527
425,0.9385337719210872,0.061466228078912805,0.6149042504174369,0.38509574958256315
426,0.9436757498317294,0.056324250168270536,0.6194296223776681,0.38057037762233187
427,0.9390690900661327,0.06093090993386728,0.6113720791680473,0.3886279208319528
428,0.9393533247488516,0.06064667525114836,0.617531452860151,0.38246854713984896
429,0.9478998427037839,0.052100157296216046,0.624399551323482,0.37560044867651804
430,0.9351010079737063,0.06489899202629372,0.620356057371412,0.37964394262858797
431,0.9463889863755968,0.05361101362440321,0.6141291345868792,0.3858708654131208
432,0.9401562655413592,0.05984373445864077,0.613020156111036,0.38697984388896395
433,0.9338867642261364,0.06611323577386362,0.6215000152587891,0.37849998474121094
434,0.9372840060128106,0.0627159939871894,0.6239316974367414,0.37606830256325857
435,0.9194492609412582,0.08055073905874181,0.607896591935839,0.39210340806416105
436,0.9333429800139533,0.06665701998604669,0.6105122821671622,0.3894877178328378
437,0.9398391158492477,0.06016088415075232,0.6236787778990609,0.37632122210093905
438,0.9361992941962348,0.06380070580376519,0.6098883748054504,0.39011162519454956
439,0.9364831690435056,0.06351683095649437,0.6198954582214355,0.38010454177856445
440,0.9333655282303139,0.0666344717696861,0.6175535832132611,0.3824464167867388
441,0.9364241361618042,0.0635758638381958,0.6288603118487767,0.37113968815122333
442,0.9322501994945385,0.06774980050546152,0.6219190529414585,0.37808094705854145
443,0.9429996477233039,0.0570003522766961,0.6230922852243695,0.3769077147756304
444,0.9438436384554263,0.05615636154457375,0.6196535144533429,0.380346485546657
445,0.9384946558210585,0.06150534417894152,0.6180039814540318,0.3819960185459682
446,0.9360447680508649,0.0639552319491351,0.6198532751628331,0.38014672483716694
447,0.9285993929262515,0.07140060707374855,0.6112935543060303,0.3887064456939697
448,0.9317770666546292,0.06822293334537083,0.6200294154030936,0.3799705845969064
449,0.9410848396795767,0.058915160320423265,0.5977996076856341,0.40220039231436594
450,0.9292910695075989,0.07070893049240112,0.6190503239631653,0.3809496760368347
451,0.9334664366863392,0.0665335633136608,0.6159983703068325,0.38400162969316753
452,0.9371273120244344,0.0628726879755656,0.6209408640861511,0.3790591359138489
453,0.9332881702317132,0.06671182976828681,0.6114296998296466,0.3885703001703535
454,0.9415180219544305,0.058481978045569524,0.6180080941745213,0.3819919058254787
455,0.9391712811258104,0.060828718874189586,0.6119336315563747,0.3880663684436253
456,0.9435719163329513,0.056428083667048705,0.6122439163071769,0.38775608369282316
457,0.9360723009815922,0.06392769901840775,0.6104597704751151,0.38954022952488493
458,0.9282061545937149,0.07179384540628504,0.6232195581708636,0.37678044182913645
459,0.9459658772857101,0.054034122714289916,0.6230912804603577,0.37690871953964233
460,0.9437634304717735,0.0562365695282265,0.6182889257158551,0.3817110742841448
461,0.9302569009639599,0.06974309903604013,0.6198511464255196,0.3801488535744803
462,0.9460674237321924,0.05393257626780757,0.6161576679774693,0.3838423320225307
463,0.946142229768965,0.053857770231035024,0.6195915852274213,0.38040841477257864
464,0.93682328859965,0.06317671140034993,0.6181338088853019,0.38186619111469816
465,0.9457964853004173,0.0542035146995827,0.6227213229451861,0.37727867705481394
466,0.9423771721345408,0.0576228278654593,0.6187115056174142,0.3812884943825858
467,0.9455794162220426,0.05442058377795749,0.624349560056414,0.3756504399435861
468,0.9430146592634695,0.05698534073653044,0.6169227361679077,0.3830772638320923
469,0.9467754717226382,0.053224528277361835,0.6192153777394976,0.3807846222605024
470,0.9444129709844236,0.0555870290155764,0.6207820432526725,0.37921795674732756
471,0.9336394822155988,0.06636051778440122,0.6088076744760785,0.3911923255239214
472,0.9416448738839891,0.058355126116010875,0.6096835732460022,0.3903164267539978
473,0.9369642822830765,0.06303571771692347,0.6024589623723712,0.3975410376276289
474,0.9214036839979666,0.07859631600203337,0.6009068489074707,0.3990931510925293
475,0.9234145526532773,0.07658544734672264,0.6187623058046613,0.38123769419533865
476,0.9339774515893724,0.06602254841062757,0.6195720859936306,0.38042791400636944
477,0.9415566877082542,0.058443312291745785,0.6061295781816755,0.3938704218183245
478,0.938069412001857,0.061930587998142946,0.6160090139933995,0.38399098600660053
479,0.945303080258546,0.05469691974145395,0.6225348455565316,0.37746515444346834
480,0.9429255238285771,0.05707447617142289,0.6201581529208592,0.3798418470791408
481,0.9498352077272203,0.050164792272779674,0.612311133316585,0.387688866683415
482,0.9449379157136988,0.05506208428630122,0.6175730994769505,0.3824269005230495
483,0.946366771503731,0.05363322849626894,0.6194455368178231,0.38055446318217684
484,0.9477536523783648,0.05224634762163515,0.6137679134096418,0.3862320865903582
485,0.9429796713369863,0.0570203286630136,0.6065904327801296,0.3934095672198704
486,0.9474665765409116,0.05253342345908836,0.6076424888202122,0.3923575111797878
487,0.9338175411577578,0.0661824588422422,0.6183068581989833,0.38169314180101666
488,0.9373468425538805,0.06265315744611952,0.6139964631625584,0.3860035368374416
489,0.9329031242264642,0.06709687577353583,0.6145768421036857,0.3854231578963144
490,0.9330166467913875,0.06698335320861251,0.6223980443818229,0.37760195561817717
491,0.9333230323261685,0.06667696767383152,0.6021192244121006,0.3978807670729501
492,0.9400460366849546,0.05995396331504539,0.6078228184155056,0.39217718158449444
493,0.9447825131592927,0.055217486840707285,0.6134390745844159,0.386560925415584
494,0.9223570073092425,0.07764299269075747,0.6200857332774571,0.3799142667225429
495,0.9389436708556281,0.06105632914437188,0.5906619344438825,0.4093380740710667
496,0.9215579606868602,0.07844203931313974,0.6060833164623806,0.39391668353761944
497,0.9202656856289616,0.07973431437103837,0.6088372043200901,0.39116279567990986
498,0.9143852878499914,0.08561471215000858,0.6125592844826835,0.38744071551731657
499,0.9223760609273557,0.07762393907264427,0.6091367687497821,0.390863231250218
500,0.9152157085913198,0.0847842914086801,0.6168374504361834,0.3831625495638166
501,0.9382899668481615,0.06171003315183851,0.6220877766609192,0.3779122233390808
502,0.9276928614687037,0.07230713853129635,0.6171043174607413,0.3828956825392587
503,0.9385111508546052,0.061488849145394785,0.6233057975769043,0.3766942024230957
504,0.9413257506158617,0.058674249384138316,0.6201138836996896,0.3798861163003104
505,0.9413832823435465,0.05861671765645345,0.620170601776668,0.379829398223332
506,0.9484619763162401,0.0515380236837599,0.6174500840050834,0.38254991599491667
507,0.9442702024071304,0.05572979759286951,0.6144982065473285,0.3855017934526716
508,0.9515982159861812,0.04840178401381881,0.6215460300445557,0.37845396995544434
509,0.949729550767828,0.05027044923217208,0.6181817395346505,0.38181826046534945
510,0.9481834018671954,0.051816598132804585,0.6183637210300991,0.38163627896990093
511,0.9456336829397414,0.054366317060258657,0.6147999508040292,0.3852000491959708
512,0.9460530810885959,0.05394691891140408,0.6208465099334717,0.3791534900665283
513,0.9464911597746389,0.05350884022536101,0.6195034810474941,0.3804965189525059
514,0.9442976050906711,0.055702394909328885,0.6253679820469448,0.37463201795305523
515,0.9388066464000278,0.061193353599972196,0.6186109355517796,0.3813890644482204
516,0.9449023295331884,0.05509767046681157,0.6155672073364258,0.3844327926635742
517,0.945895148648156,0.05410485135184394,0.6102698956217084,0.38973010437829153
518,0.9482645039205198,0.051735496079480206,0.6193247352327619,0.38067526476723806
519,0.9443706428563153,0.05562935714368467,0.6155404703957694,0.38445952960423063
520,0.9483006883550573,0.05169931164494267,0.6107287747519357,0.3892712252480643
521,0.9528673136675799,0.047132686332420064,0.6199074132101876,0.38009258678981234
522,0.9545423719618056,0.04545762803819445,0.6226722002029419,0.3773277997970581
523,0.9497904203556202,0.05020957964437979,0.6180391907691956,0.38196080923080444
524,0.9495042628712125,0.05049573712878757,0.6225286296435765,0.37747137035642353
525,0.9485282081144827,0.05147179188551726,0.6160659279142108,0.3839340720857893
526,0.9342180358039008,0.06578196419609918,0.6247066003935677,0.3752933996064322
527,0.9493772497883549,0.05062275021164506,0.6233722397259304,0.37662776027406963
528,0.922687808672587,0.07731219132741292,0.615547810282026,0.38445218971797396
529,0.9334000437347977,0.06659995626520228,0.5916087201663426,0.4083912798336574
530,0.9145091485094141,0.0854908514905859,0.6205218264034816,0.37947817359651836
531,0.9316412166312888,0.06835878336871112,0.6285912139075143,0.3714087860924857
532,0.943758507569631,0.05624149243036906,0.6206119571413312,0.37938804285866873
533,0.94502975764098,0.054970242359020094,0.6141539301191058,0.38584606988089426
534,0.9464892899548566,0.05351071004514341,0.6246885657310486,0.3753114342689514
535,0.9381143053372701,0.0618856946627299,0.6228778447423663,0.37712215525763376
536,0.9524890692145737,0.04751093078542639,0.6164837224142892,0.3835162775857108
537,0.9526749474030954,0.047325052596904615,0.6131957343646458,0.3868042656353542
538,0.9454940932768362,0.054505906723163744,0.6171749063900539,0.3828250936099461
539,0.9518287380536398,0.04817126194636027,0.6226300937788827,0.37736990622111727
540,0.9536084091221845,0.04639159087781553,0.6223802055631366,0.3776197944368635
541,0.9484204694076821,0.051579530592317936,0.6153392366000584,0.3846607633999416
542,0.9520131415790982,0.04798685842090183,0.6176838108471462,0.3823161891528538
543,0.9500430138022812,0.04995698619771887,0.6206884980201721,0.3793115019798279
544,0.9482963703296803,0.05170362967031973,0.6168468764850071,0.38315312351499287
545,0.9573442582730893,0.042655741726910626,0.6180385180882045,0.38196148191179546
546,0.9462459241902387,0.05375407580976133,0.6217822006770543,0.37821779932294575
547,0.9538823741453665,0.04611762585463347,0.6183705840791974,0.3816294159208025
548,0.9435577017289621,0.056442298271037916,0.6265762278011867,0.3734237721988133
549,0.9367859805071795,0.06321401949282046,0.6166617359433856,0.3833382640566145
550,0.9488263726234436,0.051173627376556396,0.6133042233330863,0.38669577666691374
551,0.9448282343369944,0.05517176566300569,0.620509147644043,0.37949085235595703
552,0.9448083352159571,0.05519166478404292,0.6150904212679181,0.3849095787320818
553,0.9468975530730354,0.053102446926964655,0.6164888058389936,0.3835111941610064
554,0.950835351590757,0.049164648409242985,0.6195052436419896,0.38049475635801044
555,0.9423240997173168,0.0576759002826832,0.6121898889541626,0.3878101110458374
556,0.9485967622862922,0.05140323771370782,0.616742559841701,0.38325744015829905
557,0.950276650764324,0.04972334923567595,0.6214081048965454,0.3785918951034546
558,0.9498440976496096,0.0501559023503904,0.6255782757486615,0.3744217242513384
559,0.9465552060692398,0.05344479393076013,0.6231225303241185,0.37687746967588154
560,0.9346502975181297,0.0653497024818703,0.6248527765274048,0.3751472234725952
561,0.9493666511994822,0.0506333488005179,0.6307980673653739,0.36920193263462614
562,0.9393356420375683,0.060664357962431734,0.6241397176470075,0.37586028235299246
563,0.9317617504685013,0.06823824953149867,0.5952189564704895,0.4047810435295105
564,0.9250569056581568,0.07494309434184322,0.6162042617797852,0.38379573822021484
565,0.9417275013747038,0.05827249862529613,0.616888667855944,0.38311133214405607
566,0.9322802711416174,0.06771972885838261,0.6100097298622131,0.38999027013778687
567,0.9276416566636827,0.07235834333631727,0.6042625052588326,0.3957374947411673
568,0.9357500120445534,0.06424998795544659,0.6121600525719779,0.38783994742802214
569,0.9360026739261769,0.06399732607382315,0.586227033819471,0.4137729661805289
570,0.9398209033188997,0.06017909668110035,0.623200706073216,0.37679929392678396
571,0.9419362942377726,0.05806370576222738,0.6201733946800232,0.3798266053199768
572,0.9471689462661743,0.052831053733825684,0.6119530115808759,0.38804698841912405
573,0.9464619866123906,0.05353801338760941,0.6162923915045602,0.3837076084954398
574,0.9521895205533063,0.047810479446693706,0.6200860483305795,0.3799139516694205
575,0.9478125395598235,0.052187460440176504,0.6230782014983041,0.3769217985016959
576,0.9419556039351004,0.058044396064899584,0.6217385615621295,0.3782614384378706
577,0.9453778995407952,0.05462210045920478,0.6155037794794355,0.3844962205205645
578,0.9551419968958255,0.04485800310417458,0.622708967753819,0.37729103224618094
579,0.9583370244061505,0.04166297559384947,0.6203681571143014,0.37963184288569857
580,0.9519453490221942,0.048054650977805806,0.626826422555106,0.373173577444894
581,0.95542076781944,0.04457923218056008,0.6169829964637756,0.38301700353622437
582,0.9571841778578581,0.042815822142141836,0.6236306854656765,0.37636931453432354
583,0.9492833548121982,0.050716645187801786,0.619633708681379,0.38036629131862093
584,0.9561836079314903,0.0438163920685097,0.6242391381944928,0.3757608618055071
585,0.9540368009496618,0.04596319905033818,0.6160519293376377,0.38394807066236225
586,0.9521673542481882,0.04783264575181184,0.6266387701034546,0.3733612298965454
587,0.9578509993023343,0.042149000697665744,0.6210952741759164,0.3789047258240836
588,0.9504902826415168,0.04950971735848321,0.6159754395484924,0.38402456045150757
589,0.9585683389946267,0.041431661005373356,0.6158847297940936,0.38411527020590647
590,0.9489991620734886,0.05100083792651141,0.6324916226523263,0.36750837734767366
591,0.9518879409189578,0.048112059081042255,0.6183100768498012,0.3816899231501988
592,0.9534075370541325,0.04659246294586747,0.6147284592900958,0.38527154070990427
593,0.9414844424636276,0.058515557536372435,0.6124017068317958,0.38759829316820416
594,0.9329048991203308,0.06709510087966919,0.6191795298031398,0.38082047019686016
595,0.9462539487414889,0.053746051258511014,0.6249007667813983,0.3750992332186018
596,0.9477137901164867,0.05228620988351328,0.608292179448264,0.39170782055173603
597,0.9463560183842977,0.05364398161570231,0.6308260304587228,0.3691739695412772
598,0.9518595823535213,0.04814041764647872,0.6249225565365383,0.3750774434634617
599,0.940530640107614,0.05946935989238598,0.6232143640518188,0.37678563594818115
600,0.9553731150097318,0.04462688499026828,0.6154388104166303,0.38456118958336966
601,0.9515891825711286,0.04841081742887144,0.6253039070538112,0.3746960929461888
602,0.9534331538059093,0.04656684619409067,0.6178680488041469,0.3821319511958531
603,0.9486667271013614,0.05133327289863869,0.6254874893597194,0.37451251064028057
604,0.9494232954802336,0.05057670451976635,0.6224010842187064,0.3775989157812936
605,0.9484287919821562,0.05157120801784374,0.6075042315891811,0.3924957684108189
606,0.9318452422265653,0.06815475887722439,0.6119387149810791,0.3880612850189209
607,0.940904089698085,0.05909591030191492,0.6195690291268485,0.38043097087315153
608,0.9561755436438101,0.04382445635618987,0.6304258789334979,0.36957412106650217
609,0.9489789097397415,0.051021090260258424,0.6184079051017761,0.3815920948982239
610,0.952992856502533,0.04700714349746704,0.6184549501964024,0.3815450498035976
611,0.9571343483748259,0.04286565162517406,0.6211363502911159,0.3788636497088841
612,0.9472852283053927,0.052714771694607206,0.6203336034502301,0.3796663965497698
613,0.9491014370211849,0.05089856297881515,0.6226402776581901,0.37735972234181
614,0.9481946450692637,0.0518053549307364,0.6183229173932757,0.38167708260672434
615,0.9482572961736608,0.05174270382633916,0.6254860758781433,0.3745139241218567
616,0.9550049724402251,0.04499502755977489,0.6295991625104632,0.37040083748953684
617,0.9541650591073213,0.04583494089267872,0.6208414094788688,0.37915859052113127
618,0.9577302424995987,0.042269757500401246,0.6185331685202462,0.38146683147975374
619,0.9585884853645608,0.041411514635439274,0.620708806174142,0.37929119382585796
620,0.945348772737715,0.054651227262285024,0.6218228169849941,0.3781771830150059
621,0.9510767967612656,0.048923203238734496,0.6118597643715995,0.38814023562840055
622,0.948023071995488,0.051976928004512084,0.6250095282282148,0.3749904717717852
623,0.9524740642971463,0.04752593570285373,0.6208964671407428,0.3791035328592573
624,0.9477628844755667,0.052237115524433275,0.6129469616072518,0.3870530383927481
625,0.9248149085927893,0.07518509140721073,0.6122582299368722,0.38774177006312777
626,0.9567316240734525,0.04326837592654758,0.6251426083700997,0.3748573916299002
627,0.9555457101927863,0.04445428980721368,0.6176331128392901,0.38236688716070993
628,0.9502884127475597,0.04971158725244028,0.6142878617559161,0.38571213824408396
629,0.9558699020632991,0.04413009793670089,0.620942234992981,0.37905776500701904
630,0.9531500317432262,0.046849968256773775,0.6116917303630284,0.3883082696369716
631,0.957811936184212,0.042188063815787984,0.6103907312665667,0.3896092687334333
632,0.9572539837272079,0.04274601627279211,0.6272745558193752,0.3727254441806248
633,0.952595227294498,0.04740477270550198,0.6162077869687762,0.38379221303122385
634,0.9506368592933372,0.04936314070666278,0.6187156438827515,0.38128435611724854
635,0.9570896912504125,0.04291030874958745,0.6240074123655047,0.37599258763449533
636,0.9523674536634374,0.047632546336562546,0.6242676973342896,0.37573230266571045
637,0.9254816284886113,0.07451837151138871,0.6246201140539986,0.3753798859460013
638,0.9487798236034535,0.05122017639654654,0.6065895983151027,0.39341040168489727
639,0.9327032764752706,0.06729672352472942,0.6168505123683384,0.38314948763166157
640,0.9498359207753782,0.05016407922462181,0.6221382958548409,0.377861704145159
641,0.9569171026900962,0.043082897309903743,0.6185808437211173,0.38141915627888273
642,0.9553586840629578,0.044641315937042236,0.6163001826831273,0.38369981731687275
643,0.956057486710725,0.043942513289274995,0.6141380071640015,0.38586199283599854
644,0.9542917896200109,0.04570821037998906,0.6168000187192645,0.38319998128073557
645,0.9566930996047126,0.04330690039528741,0.6238189339637756,0.37618106603622437
646,0.956785484596535,0.043214515403464986,0.6248549818992615,0.3751450181007385
647,0.9519854342495954,0.04801456575040464,0.6249689289501735,0.37503107104982647
648,0.9473410182529025,0.05265898174709744,0.6127577934946332,0.3872422065053667
649,0.9448534978760613,0.055146502123938665,0.6153191924095154,0.3846808075904846
650,0.9436277747154236,0.056372225284576416,0.6256868158067975,0.3743131841932024
651,0.9527183749057628,0.047281625094237154,0.6227286883762905,0.3772713116237095
652,0.953558639243797,0.04644136075620298,0.6020890133721488,0.39791098662785124
653,0.9507796168327332,0.049220383167266846,0.6227987578936985,0.37720124210630146
654,0.9516741787945783,0.04832582120542173,0.6218666434288025,0.3781333565711975
655,0.9566663790632177,0.04333362093678227,0.6064327188900539,0.3935672811099461
656,0.9469083260606836,0.05309167393931636,0.6150265506335667,0.3849734493664333
657,0.9484268404819347,0.05157315951806528,0.622081424508776,0.37791857549122404
658,0.956564896636539,0.043435103363460965,0.6169051783425468,0.3830948216574533
659,0.9479683151951542,0.05203168480484574,0.6204971500805446,0.3795028499194554
660,0.9471260000158239,0.05287399998417607,0.6201928172792707,0.3798071827207293
661,0.9550523161888123,0.044947683811187744,0.624235246862684,0.375764753137316
662,0.9549355175760057,0.04506448242399427,0.6173591102872577,0.3826408897127424
663,0.9535106464668557,0.04648935353314435,0.6196091260228839,0.3803908739771162
664,0.9519409250330042,0.0480590749669958,0.620704676423754,0.379295323576246
665,0.955918448942679,0.044081551057321054,0.6200296453067234,0.37997035469327656
666,0.9570262939841659,0.042973706015834105,0.626662118094308,0.37333788190569195
667,0.9561122390958998,0.04388776090410021,0.6256647620882306,0.3743352379117693
668,0.9567616603992604,0.04323833960073965,0.6108964511326381,0.38910354886736187
669,0.9521356357468499,0.04786436425315009,0.6138319713728768,0.3861680286271231
670,0.9577484042556198,0.04225159574438025,0.6329017451831273,0.36709825481687275
671,0.9603804879718356,0.039619512028164335,0.6257416520799909,0.37425834792000906
672,0.9373861010427829,0.06261389785342747,0.621887172971453,0.37811282702854704
673,0.9555961688359579,0.04440383116404215,0.6242638826370239,0.3757361173629761
674,0.9482261251520228,0.05177387484797725,0.6055177365030561,0.3944822634969439
675,0.9495361646016439,0.05046383539835612,0.614119155066354,0.38588084493364605
676,0.9560726527814511,0.04392734721854881,0.6229251793452671,0.37707482065473286
677,0.9512410296334161,0.04875897036658393,0.6216338276863098,0.3783661723136902
678,0.9398117242036043,0.06018827579639576,0.6234390820775714,0.3765609179224287
679,0.9299901017436275,0.07000989825637252,0.6135454263005938,0.3864545736994062
680,0.9408689163349293,0.05913108366507071,0.6185041240283421,0.3814958759716579
681,0.9523985474197952,0.04760145258020471,0.6269494039671761,0.3730505960328238
682,0.9353750944137573,0.06462490558624268,0.6226280501910618,0.3773719498089382
683,0.9608163392102277,0.03918366078977232,0.621026703289577,0.37897329671042307
684,0.9608023718551353,0.03919762814486468,0.6140595844813755,0.38594041551862446
685,0.9547286541373642,0.04527134586263586,0.6166679688862392,0.3833320311137608
686,0.9568894880789297,0.04311051192107024,0.6263177224567958,0.37368227754320416
687,0.9536306813911155,0.046369318608884456,0.6229832598141262,0.37701674018587383
688,0.9601568358915823,0.03984316410841765,0.6184440170015607,0.38155598299843924
689,0.9629875730585169,0.03701242694148311,0.6166454553604126,0.3833545446395874
690,0.9597459656220896,0.040254034377910475,0.6254228779247829,0.3745771220752171
691,0.9377289922149094,0.0622710077850907,0.6219755325998578,0.3780244674001421
692,0.9534569824183429,0.046543017581657124,0.6316435592515128,0.3683564407484872
693,0.9604419558136551,0.03955804418634485,0.6203655004501343,0.3796344995498657
694,0.9524825127036484,0.04751748729635168,0.6269425920077732,0.37305740799222675
695,0.9558167016064679,0.044183298393532085,0.6223499434334892,0.3776500565665109
696,0.9562339164592601,0.04376608354073984,0.6227497969354902,0.3772502030645098
697,0.9489942877380936,0.05100571226190637,0.6263289877346584,0.3736710122653416
698,0.9528854511402272,0.047114548859772856,0.6242014339991978,0.3757985660008022
699,0.9554513759083219,0.044548624091678195,0.6176960979189191,0.38230390208108084
700,0.9577147982738636,0.04228520172613638,0.6259811094829014,0.3740188905170986
701,0.9632328550020853,0.036767144997914634,0.6196780034473964,0.38032199655260357
702,0.9581591464855053,0.04184085351449472,0.6213303974696568,0.3786696025303432
703,0.9577341278394064,0.042265872160593666,0.6231514385768345,0.3768485614231655
704,0.9646989879784761,0.035301012021523935,0.6188644766807556,0.3811355233192444
705,0.950076906769364,0.04992309323063603,0.62393604857581,0.37606395142418997
706,0.955278354662436,0.044721645337563974,0.61029223884855,0.38970776115145
707,0.9519867367214627,0.048013263278537326,0.6358269708497184,0.36417302915028166
708,0.9571667335651539,0.0428332664348461,0.6191535677228656,0.3808464322771345
709,0.9612858185061702,0.0387141814938298,0.6243444170270648,0.3756555829729353
710,0.9575824803776212,0.04241751962237888,0.6272495218685695,0.3727504781314305
711,0.9415208697319031,0.058479130268096924,0.6299622399466378,0.37003776005336214
712,0.9677493792993052,0.0322506207006949,0.6206313371658325,0.3793686628341675
713,0.9651440955974437,0.034855904402556245,0.6260917867933001,0.3739082132066999
714,0.9666098003034238,0.03339019969657615,0.6272292903491429,0.3727707096508571
715,0.9648620795320582,0.03513792046794185,0.6272912451199123,0.3727087548800877
716,0.9669632801303157,0.03303671986968429,0.625765723841531,0.37423427615846905
717,0.9642728699578179,0.03572713004218207,0.6295897875513349,0.37041021244866507
718,0.9648226565784879,0.03517734342151218,0.6296231150627136,0.3703768849372864
719,0.963895133248082,0.03610486675191809,0.618648111820221,0.38135188817977905
720,0.9635994081143979,0.03640059188560203,0.620369723864964,0.3796302761350359
721,0.9579405541773196,0.04205944582268044,0.6187554172107151,0.38124458278928486
722,0.9614855426329153,0.03851445736708464,0.6217208334377834,0.3782791665622166
723,0.9626503255632188,0.03734967443678114,0.6258761201586042,0.3741238798413958
724,0.9640171461635165,0.035982853836483426,0.6259821142469134,0.37401788575308664
725,0.9632850024435256,0.03671499755647448,0.6216568521090916,0.3783431478909084
726,0.9656902065983525,0.0343097934016475,0.6232834884098598,0.3767165115901402
727,0.9452924595938789,0.05470754040612115,0.6253652657781329,0.37463473422186716
728,0.9624799225065443,0.03752007749345568,0.6219594478607178,0.3780405521392822
729,0.9679651922649808,0.03203480773501926,0.6277789047786168,0.37222109522138325
730,0.9655588887355946,0.034441111264405425,0.6176678282873971,0.38233217171260286
731,0.9591871367560493,0.04081286324395074,0.6247011337961469,0.37529886620385305
732,0.9601256118880378,0.039874388111962214,0.6257737278938293,0.37422627210617065
733,0.9645685376944365,0.03543146230556347,0.6276265723364693,0.3723734276635306
734,0.9643154055983932,0.03568459440160681,0.6254909293992179,0.37450907060078215
735,0.9631930324766371,0.036806967523362905,0.6222910540444511,0.377708945955549
736,0.9582880161426686,0.04171198385733145,0.6228461606161935,0.3771538393838065
737,0.9635181978896812,0.03648180211031878,0.6260074206760952,0.37399257932390484
738,0.9638991642881323,0.03610083571186772,0.6163408415658134,0.3836591584341867
739,0.967133535279168,0.032866464720831975,0.6177200334412711,0.3822799665587289
740,0.963044301227287,0.03695569877271299,0.6258660469736371,0.3741339530263628
741,0.9436772885145964,0.056322711485403555,0.6226080485752651,0.3773919514247349
742,0.9361519040884795,0.0638480959115205,0.6118925043514797,0.3881074956485203
743,0.9520281906481143,0.04797180935188576,0.619378754070827,0.38062124592917307
744,0.9584424981364498,0.041557501863550256,0.6235214301518032,0.37647856984819683
745,0.9530604150560167,0.04693958494398329,0.6292547839028495,0.37074521609715055
746,0.9592371693363896,0.04076283066361039,0.628167986869812,0.371832013130188
747,0.9617187402866505,0.038281259713349516,0.6333699141229902,0.3666300858770098
748,0.9639547842520254,0.036045215747974535,0.6103154165404183,0.3896845834595816
749,0.9664182066917419,0.03358179330825806,0.6232704520225525,0.3767295479774475
750,0.96507493213371,0.03492506786629006,0.6161590984889439,0.3838409015110561
751,0.9608281365147343,0.03917186348526566,0.6233774253300258,0.3766225746699742
752,0.9652954891875938,0.034704510812406185,0.6230077743530273,0.37699222564697266
753,0.965198693452058,0.03480130654794199,0.6085000463894435,0.39149995361055645
754,0.9658476754471108,0.034152324552889225,0.6247677803039551,0.3752322196960449
755,0.9629574241461577,0.037042575853842276,0.6293720262391227,0.37062797376087736
756,0.9635437462064955,0.036456253793504506,0.6218589629445758,0.3781410370554243
757,0.9659525752067566,0.03404742479324341,0.6057405386652265,0.39425946133477346
758,0.9579849265239857,0.04201507347601431,0.6153141260147095,0.3846858739852905
759,0.9579629920147084,0.042037007985291655,0.6213361876351493,0.37866381236485075
760,0.9633473444868017,0.03665265551319829,0.6208553995404925,0.37914460045950754
761,0.966064002778795,0.03393599722120497,0.6224073171615601,0.37759268283843994
762,0.9596491146970678,0.040350885302932175,0.6268717731748309,0.37312822682516916
763,0.9585135601184986,0.04148643988150137,0.6177934578486851,0.3822065421513149
764,0.9593952276088573,0.04060477239114267,0.6268385393278939,0.37316146067210604
765,0.9650883608394198,0.034911639160580106,0.6267355339867728,0.3732644660132272
766,0.962467767574169,0.03753223242583098,0.6249570250511169,0.37504297494888306
767,0.9638764637487905,0.0361235362512094,0.6190692782402039,0.38093072175979614
768,0.9643650386068556,0.0356349613931444,0.6211537207875933,0.3788462792124067
769,0.9667945857401248,0.03320541425987526,0.6230286104338509,0.376971389566149
770,0.9651958434670059,0.03480415653299402,0.6249595625059945,0.37504043749400545
771,0.9592629715248391,0.040737028475160954,0.6152121850422451,0.38478781495775494
772,0.9612457244484512,0.03875427555154871,0.6266326819147382,0.37336731808526175
773,0.9625456686373111,0.03745433136268898,0.6142646329743522,0.38573536702564787
774,0.9597926757953785,0.04020732420462149,0.6178582225527082,0.3821417774472918
775,0.9636196317496123,0.036380368250387686,0.6211091024535043,0.3788908975464957
776,0.9546499340622513,0.04535006593774866,0.6159902811050415,0.3840097188949585
777,0.9559288885858324,0.04407111141416761,0.617230909211295,0.382769090788705
778,0.9629640049404569,0.037035995059543185,0.622742405959538,0.37725759404046194
779,0.9652471741040548,0.03475282589594523,0.6177148733820234,0.3822851266179766
780,0.9558965210561399,0.04410347894386009,0.6253000497817993,0.3746999502182007
781,0.9665255634873001,0.03347443651269983,0.6244419131960187,0.37555808680398123
782,0.9637671576605903,0.036232842339409724,0.6280673912593296,0.37193260874067036
783,0.9639555723578842,0.036044427642115844,0.6219171030180795,0.3780828969819205
784,0.9631898204485575,0.036810179551442467,0.6205512200083051,0.37944877999169485
785,0.9689684355700457,0.031031564429954247,0.6229363935334342,0.37706360646656584
786,0.9636946143927397,0.036305385607260245,0.624338584286826,0.375661415713174
787,0.9642951665101228,0.03570483348987721,0.6256178362028939,0.37438216379710604
788,0.9636814020298146,0.036318597970185454,0.6188432233674186,0.38115677663258146
789,0.9649060236083137,0.035093976391686335,0.6141533596175057,0.3858466403824942
790,0.9519249399503072,0.04807506004969279,0.6124808873449054,0.3875191126550947
791,0.9569268160396152,0.043073183960384794,0.6281518510409764,0.3718481489590236
792,0.9576574630207486,0.04234253697925144,0.6223249009677342,0.3776750990322658
793,0.9637658927175734,0.036234107282426625,0.621870926448277,0.3781290735517229
794,0.9635896329526548,0.036410367047345196,0.6225229331425258,0.3774770668574742
795,0.9619723072758427,0.038027692724157264,0.6092358486992973,0.3907641513007028
796,0.9494918209535105,0.050508179046489576,0.62064847775868,0.3793515222413199
797,0.9593019772458959,0.04069802275410405,0.60811105796269,0.3918889420373099
798,0.9556950860553317,0.04430491394466824,0.6188336440495082,0.38116635595049175
799,0.9604474372333951,0.03955256276660495,0.6207227621759687,0.3792772378240313
800,0.9648301954622622,0.03516980453773781,0.6226337552070618,0.37736624479293823
801,0.964833261790099,0.03516673820990103,0.628633269241878,0.37136673075812204
802,0.9631953084910357,0.03680469150896425,0.6188627907208034,0.3811372092791966
803,0.9579505964561745,0.042049403543825505,0.6200922131538391,0.3799077868461609
804,0.9671873648961385,0.03281263510386149,0.6206676193646022,0.37933238063539776
805,0.967374304930369,0.03262569506963094,0.6224475588117327,0.3775524411882673
806,0.9632100705747251,0.036789929425274884,0.6121836049216134,0.38781639507838656
807,0.9604580269919502,0.03954197300804986,0.6189832857676915,0.38101671423230854
808,0.9633031045949018,0.03669689540509825,0.6075706056186131,0.3924293943813869
809,0.9648016315919382,0.03519836840806184,0.6055725642613002,0.39442743573869976
810,0.9635110762384202,0.03648892376157972,0.6115002972739083,0.38849970272609163
811,0.9635430927629824,0.0364569072370176,0.6151571103504726,0.3848428896495274
812,0.9585878142604122,0.04141218573958785,0.6221746206283569,0.37782537937164307
813,0.9614348499863236,0.03856515001367639,0.6133217470986503,0.3866782529013498
814,0.9547061677332278,0.045293832266772235,0.604593677180154,0.395406322819846
815,0.9497710002793206,0.05022899972067939,0.6079829164913723,0.39201708350862774
816,0.9577852443412498,0.04221475565875018,0.5843819379806519,0.4156180535043989
817,0.9576993981997172,0.0423006018002828,0.6214216692107064,0.37857833078929354
818,0.9484925799899631,0.05150742001003689,0.5977934428623745,0.40220655713762554
819,0.9415011361793235,0.05849886382067645,0.6035582848957607,0.3964417151042393
820,0.9516109603422659,0.048389039657734056,0.6108981030327933,0.3891018969672067
821,0.9607043707812274,0.0392956292187726,0.6176663381712777,0.38233366182872225
822,0.9632647037506104,0.03673529624938965,0.6173609154564994,0.38263908454350065
823,0.961369964811537,0.038630035188463,0.6296289052282061,0.3703710947717939
824,0.9554363864439505,0.044563613556049486,0.6132611291749137,0.38673887082508634
825,0.9653237793180678,0.03467622068193224,0.6210820589746747,0.3789179410253252
826,0.9670926685686465,0.032907331431353534,0.6181406889642987,0.3818593110357012
827,0.967727400638439,0.03227259936156096,0.6203575134277344,0.3796424865722656
828,0.9573055660283124,0.0426944339716876,0.6201440351349967,0.37985596486500334
829,0.9706378866125036,0.029362113387496384,0.6261612858091082,0.3738387141908918
830,0.9673601675916601,0.03263983240833989,0.6171554667609078,0.3828445332390921
831,0.9669754019489994,0.033024598051000525,0.6283718177250454,0.37162818227495464
832,0.9652600509149057,0.03473994908509431,0.6207303660256522,0.3792696339743478
833,0.9667909189506814,0.03320908104931867,0.6237465228353228,0.3762534771646772
834,0.969034164040177,0.030965835959823045,0.6216283440589905,0.3783716559410095
835,0.9663088145079436,0.03369118549205639,0.6181514007704598,0.3818485992295401
836,0.9638285062931202,0.03617149370687979,0.623585615839277,0.376414384160723
837,0.9643861231980501,0.03561387680194996,0.6261760422161647,0.37382395778383526
838,0.9703486031956143,0.029651396804385714,0.6206552045685905,0.3793447954314096
839,0.963958983068113,0.03604101693188703,0.6225984522274562,0.37740154777254376
840,0.9705877017091822,0.029412298290817825,0.6182310666356768,0.3817689333643232
841,0.9743892329710501,0.02561076702894988,0.6234151039804731,0.3765848960195269
842,0.968242883682251,0.03175711631774902,0.618200285094125,0.38179971490587505
843,0.9705973157176265,0.029402684282373498,0.6194824576377869,0.38051754236221313
844,0.9617971270172684,0.03820287298273157,0.6158100962638855,0.3841899037361145
845,0.958481095455311,0.04151890454468904,0.6148169551576886,0.3851830448423113
846,0.9655556546317207,0.03444434536827935,0.6248684695788792,0.3751315304211208
847,0.9589106572998894,0.04108934270011054,0.6202553766114371,0.3797446233885629
848,0.9582025761957522,0.04179742380424782,0.6132915360586983,0.3867084639413016
849,0.9658838333906951,0.03411616660930492,0.6183244500841413,0.38167554991585867
850,0.9590996349299395,0.040900365070060445,0.6270705461502075,0.3729294538497925
851,0.9619782920236941,0.03802170797630593,0.6140479019709996,0.38595209802900043
852,0.9619392774723194,0.03806072252768057,0.6199779425348554,0.38002205746514456
853,0.9637809263335334,0.03621907366646661,0.6219407830919538,0.37805921690804617
854,0.9674475016417327,0.032552498358267325,0.6227401409830365,0.3772598590169634
855,0.961134241686927,0.038865758313073054,0.6148560813495091,0.3851439186504909
856,0.956911563873291,0.043088436126708984,0.6221392324992588,0.37786076750074116
857,0.9679572692623845,0.032042730737615516,0.6181661742074149,0.3818338257925851
858,0.9687215111873768,0.0312784888126232,0.6198170525687081,0.38018294743129183
859,0.9450845850838555,0.054915414916144475,0.6142298664365496,0.3857701335634504
860,0.963168720404307,0.036831279595692955,0.6174099530492511,0.382590046950749
861,0.9660799392947444,0.03392006070525558,0.6137819460460118,0.3862180539539882
862,0.9649595905233312,0.03504040947666875,0.6110232557569232,0.3889767442430769
863,0.9639792773458693,0.03602072265413073,0.6097429139273507,0.39025708607264925
864,0.9593899691546405,0.04061003084535952,0.6233807717050824,0.3766192282949175
865,0.9633275204234653,0.036672479576534696,0.6109007341521127,0.3890992658478873
866,0.9605684059637564,0.03943159403624358,0.6183331693921771,0.38166683060782297
867,0.9549588009163186,0.04504119908368146,0.6121676989964077,0.38783230100359234
868,0.967361690821471,0.03263830917852896,0.6114446691104344,0.3885553308895656
869,0.9604471127192179,0.039552887280782066,0.6152075358799526,0.3847924641200474
870,0.9557852590525592,0.044214740947440816,0.6221545168331691,0.37784548316683086
871,0.9610472100752371,0.038952789924762865,0.6218209436961583,0.37817905630384174
872,0.962181685147462,0.037818314852537935,0.6162569437708173,0.38374305622918264
873,0.9620474356192129,0.037952564380787035,0.6211598685809544,0.3788401314190456
874,0.9570362060158341,0.042963793984165895,0.6232992580958775,0.3767007419041225
875,0.9697688707598934,0.030231129240106652,0.6166743891579765,0.3833256108420236
876,0.9642558384824682,0.035744161517531785,0.6191979902131217,0.38080200978687834
877,0.9680615972589564,0.031938402741043655,0.6213678802762713,0.37863211972372873
878,0.9703290771555018,0.029670922844498245,0.6240487439291817,0.3759512560708182
879,0.9653682090617992,0.03463179093820078,0.6175824659211295,0.3824175340788705
880,0.9569408098856608,0.043059190114339195,0.6186322740146092,0.3813677259853908
881,0.9690126864998428,0.03098731350015711,0.611741840839386,0.388258159160614
882,0.9660326993023908,0.03396730069760923,0.6206815327916827,0.37931846720831736
883,0.9701206860718904,0.02987931392810963,0.6241609965051923,0.37583900349480764
884,0.9679560882073862,0.032043911792613844,0.617592283657619,0.3824077163423811
885,0.9661286782335352,0.0338713217664648,0.6156429818698338,0.3843570181301662
886,0.9716304032890885,0.028369596710911504,0.6197095257895333,0.38029047421046663
887,0.9728296818556609,0.027170318144339102,0.6180364063807896,0.3819635936192104
888,0.9740839997927347,0.025916000207265217,0.6167602624211993,0.38323973757880075
889,0.9696337028785988,0.030366297121401185,0.6204788088798523,0.3795211911201477
890,0.9719982235519974,0.028001776448002568,0.6170680267470223,0.3829319732529776
891,0.9724719678914105,0.027528032108589454,0.616777377469199,0.38322262253080097
892,0.9711446762084961,0.028855323791503906,0.616316727229527,0.3836832727704729
893,0.9460012073870059,0.05399879261299416,0.6138588445527213,0.3861411554472787
894,0.968011529357345,0.03198847064265498,0.618864825793675,0.381135174206325
895,0.9684982410183659,0.03150175898163407,0.6256742392267499,0.37432576077325
896,0.9664428189948753,0.03355718100512469,0.6185075129781451,0.38149248702185495
897,0.9653641338701602,0.03463586612983986,0.6129816089357648,0.38701839106423513
898,0.966385163642742,0.03361483635725798,0.614705102784293,0.385294897215707
899,0.9607723995491311,0.03922760045086896,0.615752032824925,0.384247967175075
900,0.9667447628798308,0.03325523712016918,0.6182746376310077,0.3817253623689924
901,0.9679745590245282,0.03202544097547178,0.6188940235546657,0.3811059764453343
902,0.9674206905894809,0.03257930941051907,0.6189041818891253,0.38109581811087473
903,0.967294505348912,0.03270549465108801,0.6131374835968018,0.38686251640319824
904,0.9558342606933029,0.04416573930669714,0.6141829916409084,0.3858170083590916
905,0.9633993970023261,0.036600602997673884,0.6108121871948242,0.3891878128051758
906,0.9708033601442972,0.029196639855702717,0.6205035533223834,0.3794964466776167
907,0.9679389485606441,0.03206105143935592,0.6154599870954242,0.3845400129045759
908,0.9673592889750445,0.032640711024955464,0.6107333643095834,0.3892666356904166
909,0.9635430243280199,0.03645697567198011,0.6067081008638654,0.39329189913613455
910,0.9478954849419771,0.05210451505802296,0.6222595061574664,0.37774049384253366
911,0.9547726467803672,0.04522735321963275,0.6137854967798505,0.38621450322014944
912,0.9537423208907798,0.04625767910922015,0.624421238899231,0.37557876110076904
913,0.947490029864841,0.05250997013515896,0.6219811694962638,0.37801883050373625
914,0.9628996760756882,0.03710032392431189,0.6168319753238133,0.3831680246761867
915,0.9652781111222727,0.03472188887772737,0.619367812361036,0.38063218763896395
916,0.9710050755076938,0.02899492449230618,0.622963445527213,0.37703655447278706
917,0.9675647726765385,0.03243522732346146,0.6213783366339547,0.37862166336604525
918,0.9677851994832357,0.03221480051676432,0.621138904775892,0.378861095224108
919,0.965588907400767,0.034411092599232994,0.618972659111023,0.38102734088897705
920,0.9601812914565757,0.03981870854342425,0.623093707220895,0.37690629277910503
921,0.9668737252553304,0.033126274744669594,0.614853961127145,0.38514603887285503
922,0.9674826264381409,0.03251737356185913,0.6118274756840297,0.38817252431597027
923,0.9673601697992396,0.03263983020076045,0.6200768436704364,0.3799231563295637
924,0.9666923968880264,0.03330760311197351,0.6170302884919303,0.38296971150806974
925,0.9691932488370825,0.030806751162917527,0.618389538356236,0.38161046164376394
926,0.9727239233476145,0.02727607665238557,0.6172889045306614,0.38271109546933857
927,0.9661040835910373,0.033895916408962674,0.6204081858907428,0.3795918141092573
928,0.9612927149843287,0.03870728501567134,0.6188025985445295,0.3811974014554705
929,0.9627524040363453,0.03724759596365469,0.607907133443015,0.39209286655698505
930,0.9552801317638822,0.04471986823611789,0.6179883309773037,0.38201166902269634
931,0.9625896480348375,0.037410351965162486,0.614150881767273,0.38584911823272705
932,0.9650287937234949,0.03497120627650508,0.6140176824160984,0.38598231758390156
933,0.9604717559284635,0.03952824407153659,0.6156502962112427,0.3843497037887573
934,0.9605709888316967,0.039429011168303316,0.6159042716026306,0.3840957283973694
935,0.9610012019122088,0.03899879808779116,0.6174554909978595,0.3825445090021406
936,0.965712602491732,0.034287397508268,0.6198021428925651,0.380197857107435
937,0.9692458113034567,0.030754188696543377,0.6076194558824811,0.3923805441175188
938,0.9690097658722489,0.030990234127751103,0.6179127863475254,0.38208721365247456
939,0.961219087794975,0.038780912205025005,0.6142197847366333,0.3857802152633667
940,0.963228150650307,0.03677184934969301,0.6194460477147784,0.38055395228522165
941,0.9675903828055771,0.03240961719442297,0.6208175080163139,0.3791824919836862
942,0.968944474502846,0.031055525497153954,0.6172116313661847,0.3827883686338152
943,0.9687947873716001,0.031205212628399884,0.6255641153880528,0.3744358846119472
944,0.9670693454919038,0.0329306545080962,0.6205768074308123,0.3794231925691877
945,0.9708877051318133,0.02911229486818667,0.6213076199804034,0.37869238001959665
946,0.970975586661586,0.029024413338413945,0.6201800618852887,0.3798199381147112
947,0.9691657225290934,0.030834277470906574,0.6123071312904358,0.3876928687095642
948,0.9628263071731284,0.03717369282687152,0.6188200201307025,0.3811799798692976
949,0.9705641556669165,0.029435844333083543,0.6131465435028076,0.3868534564971924
950,0.9672426095715275,0.03275739042847245,0.6145545840263367,0.38544541597366333
951,0.9716634816593595,0.028336518340640597,0.6168247035571507,0.3831752964428493
952,0.9542797428590281,0.045720257140972,0.6119125400270734,0.38808745997292654
953,0.9671225437411556,0.032877456258844445,0.6155478954315186,0.38445210456848145
954,0.9671470103440462,0.03285298965595387,0.6211591788700649,0.3788408211299351
955,0.9596545365121629,0.04034546348783705,0.6122891051428658,0.3877108948571341
956,0.9624581160368743,0.03754188396312572,0.6133034569876534,0.3866965430123465
957,0.9608570160689177,0.039142983931082266,0.6166658742087228,0.3833341257912772
958,0.9524574368088333,0.04754256319116663,0.6186052645955767,0.3813947354044233
959,0.9691316419177585,0.030868358082241483,0.6226339851106916,0.3773660148893084
960,0.969693002877412,0.03030699712258798,0.6176881279264178,0.38231187207358225
961,0.9644742012023926,0.03552579879760742,0.620347968169621,0.37965203183037893
962,0.9646784861882528,0.03532151381174723,0.6188294461795262,0.3811705538204738
963,0.9704131594410649,0.029586840558935096,0.6203987428120205,0.37960125718797955
964,0.9737277604915477,0.026272239508452238,0.617224931716919,0.38277506828308105
965,0.9742713725125348,0.025728627487465187,0.6175394569124494,0.38246054308755056
966,0.9711105072939837,0.02888949270601626,0.6238016145569938,0.37619838544300627
967,0.9725575380855136,0.027442461914486356,0.6264328616006034,0.37356713839939665
968,0.9677410545172515,0.032258945482748526,0.610981285572052,0.389018714427948
969,0.9675076383131521,0.032492361686847826,0.6097356081008911,0.3902643918991089
970,0.9628645888081303,0.037135411191869666,0.6124586462974548,0.38754135370254517
971,0.9715144104427762,0.02848558955722385,0.6223646998405457,0.37763530015945435
972,0.967857352009526,0.032142647990474,0.612482454095568,0.38751754590443205
973,0.9636664765852468,0.0363335234147531,0.6091275470597404,0.3908724529402597
974,0.9676403579888521,0.03235964201114796,0.6248261502810887,0.3751738497189113
975,0.9698661058037369,0.030133894196263066,0.6169075454984393,0.38309245450156076
976,0.9680498131999263,0.03195018680007369,0.6183986408369881,0.3816013591630118
977,0.9702412817213271,0.02975871827867296,0.6185460601534162,0.38145393984658377
978,0.969128981784538,0.030871018215462013,0.6154850465910775,0.38451495340892244
979,0.9631327081609655,0.03686729183903447,0.622183586869921,0.377816413130079
980,0.9735956854290433,0.02640431457095676,0.6185049159186227,0.3814950840813773
981,0.9709774719344245,0.029022528065575495,0.6195194125175476,0.3804805874824524
982,0.9701942161277488,0.02980578387225116,0.6246018580027989,0.3753981419972011
983,0.969209165484817,0.03079083451518306,0.617915425981794,0.3820845740182059
984,0.9658126566145155,0.03418734338548449,0.6235863140651158,0.3764136859348842
985,0.9527056879467435,0.047294312053256564,0.6053218756403241,0.3946781243596758
986,0.9691246527212637,0.030875347278736257,0.6077100379126412,0.3922899620873587
987,0.9669519221341168,0.03304807786588316,0.6077705195971898,0.39222948040281025
988,0.9722603228357103,0.027739677164289687,0.6224056482315063,0.37759435176849365
989,0.9692128079908865,0.030787192009113454,0.6137920788356236,0.3862079211643764
990,0.9644595141764041,0.035540485823595966,0.6078558223588126,0.3921441776411874
991,0.9595319430033366,0.040468056996663414,0.6066803761890956,0.39331962381090435
992,0.9496063457594978,0.05039365424050225,0.6085664629936218,0.3914335370063782
993,0.9649610386954414,0.03503896130455865,0.610769510269165,0.38923048973083496
994,0.9678039727387605,0.03219602726123951,0.5958403774670192,0.40415962253298077
995,0.8935411285471033,0.10645887145289669,0.6023630755288261,0.397636924471174
996,0.9219068355030484,0.07809316449695164,0.6183693834713527,0.38163061652864727
997,0.9434184696939256,0.05658153030607435,0.6326514993395124,0.3673485006604876
998,0.9503771066665649,0.04962289333343506,0.6245215364864894,0.37547846351351055
999,0.9534852637184991,0.04651473628150092,0.6261312280382428,0.3738687719617571
